<?xml version="1.0" encoding="UTF-8"?>
<coverage generated="1660755428137" clover="3.2.0">
  <project timestamp="1660755428137" name="All files">
    <metrics statements="42" coveredstatements="42" conditionals="24" coveredconditionals="24" methods="7" coveredmethods="7" elements="73" coveredelements="73" complexity="0" loc="42" ncloc="42" packages="1" files="1" classes="1"/>
    <file name="RangeList.js" path="/Users/xiaodongliu/Documents/interview/Jerry/RangeList/RangeList.js">
      <metrics statements="42" coveredstatements="42" conditionals="24" coveredconditionals="24" methods="7" coveredmethods="7"/>
      <line num="6" count="3" type="stmt"/>
      <line num="15" count="42" type="stmt"/>
      <line num="16" count="42" type="stmt"/>
      <line num="17" count="60" type="stmt"/>
      <line num="18" count="60" type="cond" truecount="2" falsecount="0"/>
      <line num="19" count="32" type="stmt"/>
      <line num="21" count="28" type="stmt"/>
      <line num="24" count="42" type="stmt"/>
      <line num="32" count="18" type="stmt"/>
      <line num="33" count="18" type="stmt"/>
      <line num="34" count="37" type="stmt"/>
      <line num="36" count="18" type="stmt"/>
      <line num="47" count="29" type="cond" truecount="4" falsecount="0"/>
      <line num="48" count="6" type="stmt"/>
      <line num="50" count="23" type="cond" truecount="2" falsecount="0"/>
      <line num="51" count="2" type="stmt"/>
      <line num="60" count="19" type="stmt"/>
      <line num="61" count="15" type="stmt"/>
      <line num="62" count="15" type="stmt"/>
      <line num="63" count="15" type="stmt"/>
      <line num="64" count="15" type="cond" truecount="4" falsecount="0"/>
      <line num="65" count="7" type="stmt"/>
      <line num="67" count="15" type="cond" truecount="2" falsecount="0"/>
      <line num="68" count="6" type="stmt"/>
      <line num="69" count="6" type="stmt"/>
      <line num="71" count="9" type="stmt"/>
      <line num="81" count="10" type="stmt"/>
      <line num="82" count="6" type="stmt"/>
      <line num="83" count="6" type="stmt"/>
      <line num="84" count="6" type="stmt"/>
      <line num="85" count="6" type="cond" truecount="4" falsecount="0"/>
      <line num="86" count="2" type="stmt"/>
      <line num="88" count="6" type="cond" truecount="2" falsecount="0"/>
      <line num="89" count="4" type="stmt"/>
      <line num="90" count="4" type="stmt"/>
      <line num="91" count="4" type="stmt"/>
      <line num="92" count="4" type="cond" truecount="2" falsecount="0"/>
      <line num="93" count="1" type="stmt"/>
      <line num="95" count="4" type="cond" truecount="2" falsecount="0"/>
      <line num="96" count="2" type="stmt"/>
      <line num="106" count="2" type="stmt"/>
      <line num="111" count="1" type="stmt"/>
    </file>
  </project>
</coverage>
