{"/Users/xiaodongliu/Documents/interview/Jerry/RangeList/RangeList.js": {"path":"/Users/xiaodongliu/Documents/interview/Jerry/RangeList/RangeList.js","statementMap":{"0":{"start":{"line":6,"column":8},"end":{"line":6,"column":25}},"1":{"start":{"line":15,"column":19},"end":{"line":15,"column":20}},"2":{"start":{"line":15,"column":30},"end":{"line":15,"column":48}},"3":{"start":{"line":16,"column":8},"end":{"line":23,"column":9}},"4":{"start":{"line":17,"column":22},"end":{"line":17,"column":58}},"5":{"start":{"line":18,"column":12},"end":{"line":22,"column":13}},"6":{"start":{"line":19,"column":16},"end":{"line":19,"column":29}},"7":{"start":{"line":21,"column":16},"end":{"line":21,"column":28}},"8":{"start":{"line":24,"column":8},"end":{"line":24,"column":20}},"9":{"start":{"line":32,"column":18},"end":{"line":32,"column":20}},"10":{"start":{"line":33,"column":8},"end":{"line":35,"column":9}},"11":{"start":{"line":34,"column":12},"end":{"line":34,"column":58}},"12":{"start":{"line":36,"column":8},"end":{"line":36,"column":32}},"13":{"start":{"line":47,"column":8},"end":{"line":49,"column":9}},"14":{"start":{"line":48,"column":12},"end":{"line":48,"column":64}},"15":{"start":{"line":50,"column":8},"end":{"line":52,"column":9}},"16":{"start":{"line":51,"column":12},"end":{"line":51,"column":76}},"17":{"start":{"line":60,"column":8},"end":{"line":60,"column":26}},"18":{"start":{"line":61,"column":19},"end":{"line":61,"column":27}},"19":{"start":{"line":61,"column":37},"end":{"line":61,"column":45}},"20":{"start":{"line":62,"column":16},"end":{"line":62,"column":38}},"21":{"start":{"line":63,"column":16},"end":{"line":63,"column":39}},"22":{"start":{"line":64,"column":8},"end":{"line":66,"column":9}},"23":{"start":{"line":65,"column":12},"end":{"line":65,"column":16}},"24":{"start":{"line":67,"column":8},"end":{"line":72,"column":9}},"25":{"start":{"line":68,"column":12},"end":{"line":68,"column":103}},"26":{"start":{"line":69,"column":12},"end":{"line":69,"column":43}},"27":{"start":{"line":71,"column":12},"end":{"line":71,"column":52}},"28":{"start":{"line":81,"column":8},"end":{"line":81,"column":26}},"29":{"start":{"line":82,"column":19},"end":{"line":82,"column":27}},"30":{"start":{"line":82,"column":37},"end":{"line":82,"column":45}},"31":{"start":{"line":83,"column":16},"end":{"line":83,"column":38}},"32":{"start":{"line":84,"column":16},"end":{"line":84,"column":39}},"33":{"start":{"line":85,"column":8},"end":{"line":87,"column":9}},"34":{"start":{"line":86,"column":12},"end":{"line":86,"column":16}},"35":{"start":{"line":88,"column":8},"end":{"line":98,"column":9}},"36":{"start":{"line":89,"column":20},"end":{"line":89,"column":53}},"37":{"start":{"line":90,"column":20},"end":{"line":90,"column":56}},"38":{"start":{"line":91,"column":12},"end":{"line":91,"column":39}},"39":{"start":{"line":92,"column":12},"end":{"line":94,"column":13}},"40":{"start":{"line":93,"column":16},"end":{"line":93,"column":54}},"41":{"start":{"line":95,"column":12},"end":{"line":97,"column":13}},"42":{"start":{"line":96,"column":16},"end":{"line":96,"column":53}},"43":{"start":{"line":106,"column":8},"end":{"line":106,"column":38}},"44":{"start":{"line":111,"column":0},"end":{"line":111,"column":27}}},"fnMap":{"0":{"name":"(anonymous_0)","decl":{"start":{"line":5,"column":4},"end":{"line":5,"column":5}},"loc":{"start":{"line":5,"column":18},"end":{"line":7,"column":5}},"line":5},"1":{"name":"(anonymous_1)","decl":{"start":{"line":14,"column":4},"end":{"line":14,"column":5}},"loc":{"start":{"line":14,"column":20},"end":{"line":25,"column":5}},"line":14},"2":{"name":"(anonymous_2)","decl":{"start":{"line":31,"column":4},"end":{"line":31,"column":5}},"loc":{"start":{"line":31,"column":15},"end":{"line":37,"column":5}},"line":31},"3":{"name":"(anonymous_3)","decl":{"start":{"line":46,"column":4},"end":{"line":46,"column":5}},"loc":{"start":{"line":46,"column":16},"end":{"line":53,"column":5}},"line":46},"4":{"name":"(anonymous_4)","decl":{"start":{"line":59,"column":4},"end":{"line":59,"column":5}},"loc":{"start":{"line":59,"column":14},"end":{"line":73,"column":5}},"line":59},"5":{"name":"(anonymous_5)","decl":{"start":{"line":80,"column":4},"end":{"line":80,"column":5}},"loc":{"start":{"line":80,"column":17},"end":{"line":99,"column":5}},"line":80},"6":{"name":"(anonymous_6)","decl":{"start":{"line":105,"column":4},"end":{"line":105,"column":5}},"loc":{"start":{"line":105,"column":11},"end":{"line":107,"column":5}},"line":105}},"branchMap":{"0":{"loc":{"start":{"line":18,"column":12},"end":{"line":22,"column":13}},"type":"if","locations":[{"start":{"line":18,"column":12},"end":{"line":22,"column":13}},{"start":{"line":20,"column":17},"end":{"line":22,"column":13}}],"line":18},"1":{"loc":{"start":{"line":47,"column":8},"end":{"line":49,"column":9}},"type":"if","locations":[{"start":{"line":47,"column":8},"end":{"line":49,"column":9}},{"start":{},"end":{}}],"line":47},"2":{"loc":{"start":{"line":47,"column":11},"end":{"line":47,"column":69}},"type":"binary-expr","locations":[{"start":{"line":47,"column":11},"end":{"line":47,"column":38}},{"start":{"line":47,"column":42},"end":{"line":47,"column":69}}],"line":47},"3":{"loc":{"start":{"line":50,"column":8},"end":{"line":52,"column":9}},"type":"if","locations":[{"start":{"line":50,"column":8},"end":{"line":52,"column":9}},{"start":{},"end":{}}],"line":50},"4":{"loc":{"start":{"line":64,"column":8},"end":{"line":66,"column":9}},"type":"if","locations":[{"start":{"line":64,"column":8},"end":{"line":66,"column":9}},{"start":{},"end":{}}],"line":64},"5":{"loc":{"start":{"line":64,"column":11},"end":{"line":64,"column":46}},"type":"binary-expr","locations":[{"start":{"line":64,"column":11},"end":{"line":64,"column":16}},{"start":{"line":64,"column":20},"end":{"line":64,"column":46}}],"line":64},"6":{"loc":{"start":{"line":67,"column":8},"end":{"line":72,"column":9}},"type":"if","locations":[{"start":{"line":67,"column":8},"end":{"line":72,"column":9}},{"start":{"line":70,"column":13},"end":{"line":72,"column":9}}],"line":67},"7":{"loc":{"start":{"line":85,"column":8},"end":{"line":87,"column":9}},"type":"if","locations":[{"start":{"line":85,"column":8},"end":{"line":87,"column":9}},{"start":{},"end":{}}],"line":85},"8":{"loc":{"start":{"line":85,"column":11},"end":{"line":85,"column":47}},"type":"binary-expr","locations":[{"start":{"line":85,"column":11},"end":{"line":85,"column":16}},{"start":{"line":85,"column":20},"end":{"line":85,"column":47}}],"line":85},"9":{"loc":{"start":{"line":88,"column":8},"end":{"line":98,"column":9}},"type":"if","locations":[{"start":{"line":88,"column":8},"end":{"line":98,"column":9}},{"start":{},"end":{}}],"line":88},"10":{"loc":{"start":{"line":92,"column":12},"end":{"line":94,"column":13}},"type":"if","locations":[{"start":{"line":92,"column":12},"end":{"line":94,"column":13}},{"start":{},"end":{}}],"line":92},"11":{"loc":{"start":{"line":95,"column":12},"end":{"line":97,"column":13}},"type":"if","locations":[{"start":{"line":95,"column":12},"end":{"line":97,"column":13}},{"start":{},"end":{}}],"line":95}},"s":{"0":3,"1":42,"2":42,"3":42,"4":60,"5":60,"6":32,"7":28,"8":42,"9":18,"10":18,"11":37,"12":18,"13":29,"14":6,"15":23,"16":2,"17":19,"18":15,"19":15,"20":15,"21":15,"22":15,"23":7,"24":15,"25":6,"26":6,"27":9,"28":10,"29":6,"30":6,"31":6,"32":6,"33":6,"34":2,"35":6,"36":4,"37":4,"38":4,"39":4,"40":1,"41":4,"42":2,"43":2,"44":1},"f":{"0":3,"1":42,"2":18,"3":29,"4":19,"5":10,"6":2},"b":{"0":[32,28],"1":[6,23],"2":[29,25],"3":[2,21],"4":[7,8],"5":[15,10],"6":[6,9],"7":[2,4],"8":[6,4],"9":[4,2],"10":[1,3],"11":[2,2]},"_coverageSchema":"1a1c01bbd47fc00a2c39e90264f33305004495a9","hash":"a4829c7edfe8102c09dcde5b0f8dc55433bd8a20"}
}
