TN:
SF:RangeList.js
FN:5,(anonymous_0)
FN:14,(anonymous_1)
FN:31,(anonymous_2)
FN:46,(anonymous_3)
FN:59,(anonymous_4)
FN:80,(anonymous_5)
FN:105,(anonymous_6)
FNF:7
FNH:7
FNDA:3,(anonymous_0)
FNDA:42,(anonymous_1)
FNDA:18,(anonymous_2)
FNDA:29,(anonymous_3)
FNDA:19,(anonymous_4)
FNDA:10,(anonymous_5)
FNDA:2,(anonymous_6)
DA:6,3
DA:15,42
DA:16,42
DA:17,60
DA:18,60
DA:19,32
DA:21,28
DA:24,42
DA:32,18
DA:33,18
DA:34,37
DA:36,18
DA:47,29
DA:48,6
DA:50,23
DA:51,2
DA:60,19
DA:61,15
DA:62,15
DA:63,15
DA:64,15
DA:65,7
DA:67,15
DA:68,6
DA:69,6
DA:71,9
DA:81,10
DA:82,6
DA:83,6
DA:84,6
DA:85,6
DA:86,2
DA:88,6
DA:89,4
DA:90,4
DA:91,4
DA:92,4
DA:93,1
DA:95,4
DA:96,2
DA:106,2
DA:111,1
LF:42
LH:42
BRDA:18,0,0,32
BRDA:18,0,1,28
BRDA:47,1,0,6
BRDA:47,1,1,23
BRDA:47,2,0,29
BRDA:47,2,1,25
BRDA:50,3,0,2
BRDA:50,3,1,21
BRDA:64,4,0,7
BRDA:64,4,1,8
BRDA:64,5,0,15
BRDA:64,5,1,10
BRDA:67,6,0,6
BRDA:67,6,1,9
BRDA:85,7,0,2
BRDA:85,7,1,4
BRDA:85,8,0,6
BRDA:85,8,1,4
BRDA:88,9,0,4
BRDA:88,9,1,2
BRDA:92,10,0,1
BRDA:92,10,1,3
BRDA:95,11,0,2
BRDA:95,11,1,2
BRF:24
BRH:24
end_of_record
